[05:13:59] [ServerMain/INFO]: Environment: authHost='https://authserver.mojang.com', accountsHost='https://api.mojang.com', sessionHost='https://sessionserver.mojang.com', servicesHost='https://api.minecraftservices.com', name='PROD'
[05:14:01] [ServerMain/INFO]: Loaded 7 recipes
[05:14:01] [ServerMain/INFO]: Loaded 1271 advancements
[05:14:01] [Server thread/INFO]: Starting minecraft server version 1.20.1
[05:14:01] [Server thread/INFO]: Loading properties
[05:14:01] [Server thread/INFO]: Default game type: SURVIVAL
[05:14:01] [Server thread/INFO]: Generating keypair
[05:14:01] [Server thread/INFO]: Starting Minecraft server on *:25565
[05:14:01] [Server thread/INFO]: Using epoll channel type
[05:14:01] [Server thread/WARN]: **** SERVER IS RUNNING IN OFFLINE/INSECURE MODE!
[05:14:01] [Server thread/WARN]: The server will make no attempt to authenticate usernames. Beware.
[05:14:01] [Server thread/WARN]: While this makes the game possible to play without internet access, it also opens up the ability for hackers to connect with any username they choose.
[05:14:01] [Server thread/WARN]: To change this, set "online-mode" to "true" in the server.properties file.
[05:14:01] [Server thread/INFO]: Preparing level "world"
[05:14:07] [Server thread/INFO]: Preparing start region for dimension minecraft:overworld
[05:14:07] [Worker-Main-3/INFO]: Preparing spawn area: 0%
[05:14:07] [Worker-Main-1/INFO]: Preparing spawn area: 0%
[05:14:08] [Worker-Main-1/INFO]: Preparing spawn area: 0%
[05:14:08] [Worker-Main-1/INFO]: Preparing spawn area: 0%
[05:14:09] [Worker-Main-1/INFO]: Preparing spawn area: 0%
[05:14:09] [Worker-Main-2/INFO]: Preparing spawn area: 1%
[05:14:10] [Worker-Main-3/INFO]: Preparing spawn area: 1%
[05:14:10] [Worker-Main-2/INFO]: Preparing spawn area: 2%
[05:14:11] [Worker-Main-3/INFO]: Preparing spawn area: 3%
[05:14:11] [Worker-Main-2/INFO]: Preparing spawn area: 4%
[05:14:12] [Worker-Main-3/INFO]: Preparing spawn area: 6%
[05:14:12] [Worker-Main-3/INFO]: Preparing spawn area: 7%
[05:14:13] [Worker-Main-2/INFO]: Preparing spawn area: 9%
[05:14:13] [Worker-Main-1/INFO]: Preparing spawn area: 11%
[05:14:14] [Worker-Main-1/INFO]: Preparing spawn area: 12%
[05:14:14] [Worker-Main-3/INFO]: Preparing spawn area: 15%
[05:14:15] [Worker-Main-1/INFO]: Preparing spawn area: 16%
[05:14:15] [Worker-Main-3/INFO]: Preparing spawn area: 18%
[05:14:16] [Worker-Main-2/INFO]: Preparing spawn area: 21%
[05:14:16] [Worker-Main-2/INFO]: Preparing spawn area: 23%
[05:14:17] [Worker-Main-3/INFO]: Preparing spawn area: 25%
[05:14:17] [Worker-Main-2/INFO]: Preparing spawn area: 27%
[05:14:18] [Worker-Main-3/INFO]: Preparing spawn area: 30%
[05:14:18] [Worker-Main-2/INFO]: Preparing spawn area: 32%
[05:14:19] [Worker-Main-2/INFO]: Preparing spawn area: 34%
[05:14:19] [Worker-Main-1/INFO]: Preparing spawn area: 36%
[05:14:20] [Worker-Main-1/INFO]: Preparing spawn area: 39%
[05:14:20] [Worker-Main-2/INFO]: Preparing spawn area: 42%
[05:14:21] [Worker-Main-3/INFO]: Preparing spawn area: 44%
[05:14:21] [Worker-Main-3/INFO]: Preparing spawn area: 47%
[05:14:22] [Worker-Main-2/INFO]: Preparing spawn area: 50%
[05:14:22] [Worker-Main-3/INFO]: Preparing spawn area: 53%
[05:14:23] [Worker-Main-3/INFO]: Preparing spawn area: 55%
[05:14:23] [Worker-Main-2/INFO]: Preparing spawn area: 58%
[05:14:24] [Worker-Main-3/INFO]: Preparing spawn area: 61%
[05:14:24] [Worker-Main-3/INFO]: Preparing spawn area: 64%
[05:14:25] [Worker-Main-3/INFO]: Preparing spawn area: 67%
[05:14:25] [Worker-Main-2/INFO]: Preparing spawn area: 69%
[05:14:26] [Worker-Main-3/INFO]: Preparing spawn area: 71%
[05:14:26] [Worker-Main-2/INFO]: Preparing spawn area: 72%
[05:14:27] [Worker-Main-3/INFO]: Preparing spawn area: 76%
[05:14:27] [Worker-Main-3/INFO]: Preparing spawn area: 79%
[05:14:28] [Worker-Main-2/INFO]: Preparing spawn area: 82%
[05:14:28] [Worker-Main-3/INFO]: Preparing spawn area: 85%
[05:14:29] [Worker-Main-1/INFO]: Preparing spawn area: 88%
[05:14:29] [Worker-Main-1/INFO]: Preparing spawn area: 91%
[05:14:30] [Worker-Main-2/INFO]: Preparing spawn area: 95%
[05:14:30] [Worker-Main-1/INFO]: Preparing spawn area: 99%
[05:14:30] [Server thread/INFO]: Time elapsed: 23563 ms
[05:14:30] [Server thread/INFO]: Done (28.914s)! For help, type "help"
[05:20:49] [Server thread/INFO]: /advancement (grant|revoke)
[05:20:49] [Server thread/INFO]: /attribute <target> <attribute> (get|base|modifier)
[05:20:49] [Server thread/INFO]: /execute (run|if|unless|as|at|store|positioned|rotated|facing|align|anchored|in|summon|on)
[05:20:49] [Server thread/INFO]: /bossbar (add|remove|list|set|get)
[05:20:49] [Server thread/INFO]: /clear [<targets>]
[05:20:49] [Server thread/INFO]: /clone (<begin>|from)
[05:20:49] [Server thread/INFO]: /damage <target> <amount> [<damageType>]
[05:20:49] [Server thread/INFO]: /data (merge|get|remove|modify)
[05:20:49] [Server thread/INFO]: /datapack (enable|disable|list)
[05:20:49] [Server thread/INFO]: /debug (start|stop|function)
[05:20:49] [Server thread/INFO]: /defaultgamemode <gamemode>
[05:20:49] [Server thread/INFO]: /difficulty [peaceful|easy|normal|hard]
[05:20:49] [Server thread/INFO]: /effect (clear|give)
[05:20:49] [Server thread/INFO]: /me <action>
[05:20:49] [Server thread/INFO]: /enchant <targets> <enchantment> [<level>]
[05:20:49] [Server thread/INFO]: /experience (add|set|query)
[05:20:49] [Server thread/INFO]: /xp -> experience
[05:20:49] [Server thread/INFO]: /fill <from> <to> <block> [replace|keep|outline|hollow|destroy]
[05:20:49] [Server thread/INFO]: /fillbiome <from> <to> <biome> [replace]
[05:20:49] [Server thread/INFO]: /forceload (add|remove|query)
[05:20:49] [Server thread/INFO]: /function <name>
[05:20:49] [Server thread/INFO]: /gamemode <gamemode> [<target>]
[05:20:49] [Server thread/INFO]: /gamerule (announceAdvancements|blockExplosionDropDecay|commandBlockOutput|commandModificationBlockLimit|disableElytraMovementCheck|disableRaids|doDaylightCycle|doEntityDrops|doFireTick|doImmediateRespawn|doInsomnia|doLimitedCrafting|doMobLoot|doMobSpawning|doPatrolSpawning|doTileDrops|doTraderSpawning|doVinesSpread|doWardenSpawning|doWeatherCycle|drowningDamage|fallDamage|fireDamage|forgiveDeadPlayers|freezeDamage|globalSoundEvents|keepInventory|lavaSourceConversion|logAdminCommands|maxCommandChainLength|maxEntityCramming|mobExplosionDropDecay|mobGriefing|naturalRegeneration|playersSleepingPercentage|randomTickSpeed|reducedDebugInfo|sendCommandFeedback|showDeathMessages|snowAccumulationHeight|spawnRadius|spectatorsGenerateChunks|tntExplosionDropDecay|universalAnger|waterSourceConversion)
[05:20:49] [Server thread/INFO]: /give <targets> <item> [<count>]
[05:20:49] [Server thread/INFO]: /help [<command>]
[05:20:49] [Server thread/INFO]: /item (replace|modify)
[05:20:49] [Server thread/INFO]: /kick <targets> [<reason>]
[05:20:49] [Server thread/INFO]: /kill [<targets>]
[05:20:49] [Server thread/INFO]: /list [uuids]
[05:20:49] [Server thread/INFO]: /locate (structure|biome|poi)
[05:20:49] [Server thread/INFO]: /loot (replace|insert|give|spawn)
[05:20:49] [Server thread/INFO]: /msg <targets> <message>
[05:20:49] [Server thread/INFO]: /tell -> msg
[05:20:49] [Server thread/INFO]: /w -> msg
[05:20:49] [Server thread/INFO]: /particle <name> [<pos>]
[05:20:49] [Server thread/INFO]: /place (feature|jigsaw|structure|template)
[05:20:49] [Server thread/INFO]: /playsound <sound> (master|music|record|weather|block|hostile|neutral|player|ambient|voice)
[05:20:49] [Server thread/INFO]: /reload
[05:20:49] [Server thread/INFO]: /recipe (give|take)
[05:20:49] [Server thread/INFO]: /return <value>
[05:20:49] [Server thread/INFO]: /ride <target> (mount|dismount)
[05:20:49] [Server thread/INFO]: /say <message>
[05:20:49] [Server thread/INFO]: /schedule (function|clear)
[05:20:49] [Server thread/INFO]: /scoreboard (objectives|players)
[05:20:49] [Server thread/INFO]: /seed
[05:20:49] [Server thread/INFO]: /setblock <pos> <block> [destroy|keep|replace]
[05:20:49] [Server thread/INFO]: /spawnpoint [<targets>]
[05:20:49] [Server thread/INFO]: /setworldspawn [<pos>]
[05:20:49] [Server thread/INFO]: /spectate [<target>]
[05:20:49] [Server thread/INFO]: /spreadplayers <center> <spreadDistance> <maxRange> (<respectTeams>|under)
[05:20:49] [Server thread/INFO]: /stopsound <targets> [*|master|music|record|weather|block|hostile|neutral|player|ambient|voice]
[05:20:49] [Server thread/INFO]: /summon <entity> [<pos>]
[05:20:49] [Server thread/INFO]: /tag <targets> (add|remove|list)
[05:20:49] [Server thread/INFO]: /team (list|add|remove|empty|join|leave|modify)
[05:20:49] [Server thread/INFO]: /teammsg <message>
[05:20:49] [Server thread/INFO]: /tm -> teammsg
[05:20:49] [Server thread/INFO]: /teleport (<location>|<destination>|<targets>)
[05:20:49] [Server thread/INFO]: /tp -> teleport
[05:20:49] [Server thread/INFO]: /tellraw <targets> <message>
[05:20:49] [Server thread/INFO]: /time (set|add|query)
[05:20:49] [Server thread/INFO]: /title <targets> (clear|reset|title|subtitle|actionbar|times)
[05:20:49] [Server thread/INFO]: /trigger <objective> [add|set]
[05:20:49] [Server thread/INFO]: /weather (clear|rain|thunder)
[05:20:49] [Server thread/INFO]: /worldborder (add|set|center|damage|get|warning)
[05:20:49] [Server thread/INFO]: /jfr (start|stop)
[05:20:49] [Server thread/INFO]: /ban-ip <target> [<reason>]
[05:20:49] [Server thread/INFO]: /banlist [ips|players]
[05:20:49] [Server thread/INFO]: /ban <targets> [<reason>]
[05:20:49] [Server thread/INFO]: /deop <targets>
[05:20:49] [Server thread/INFO]: /op <targets>
[05:20:49] [Server thread/INFO]: /pardon <targets>
[05:20:49] [Server thread/INFO]: /pardon-ip <target>
[05:20:49] [Server thread/INFO]: /perf (start|stop)
[05:20:49] [Server thread/INFO]: /save-all [flush]
[05:20:49] [Server thread/INFO]: /save-off
[05:20:49] [Server thread/INFO]: /save-on
[05:20:49] [Server thread/INFO]: /setidletimeout <minutes>
[05:20:49] [Server thread/INFO]: /stop
[05:20:49] [Server thread/INFO]: /whitelist (on|off|list|add|remove|reload)
[05:20:53] [Server thread/INFO]: Unknown or incomplete command, see below for error
[05:20:53] [Server thread/INFO]: stp<--[HERE]
[05:20:57] [Server thread/INFO]: Stopping the server
[05:20:57] [Server thread/INFO]: Stopping server
[05:20:57] [Server thread/INFO]: Saving players
[05:20:57] [Server thread/INFO]: Saving worlds
[05:20:58] [Server thread/INFO]: Saving chunks for level 'ServerLevel[world]'/minecraft:overworld
[05:21:00] [Server thread/INFO]: Saving chunks for level 'ServerLevel[world]'/minecraft:the_nether
[05:21:00] [Server thread/INFO]: Saving chunks for level 'ServerLevel[world]'/minecraft:the_end
[05:21:00] [Server thread/INFO]: ThreadedAnvilChunkStorage (world): All chunks are saved
[05:21:00] [Server thread/INFO]: ThreadedAnvilChunkStorage (DIM-1): All chunks are saved
[05:21:00] [Server thread/INFO]: ThreadedAnvilChunkStorage (DIM1): All chunks are saved
[05:21:00] [Server thread/INFO]: ThreadedAnvilChunkStorage: All dimensions are saved
